d:\_godetia\y3\cap\finalproject\170427_lwlw\bin\170427_lwlw_debug.lib
d:\_godetia\y3\cap\finalproject\170427_lwlw\bin\170427_lwlw_debug.exp
d:\_godetia\y3\cap\finalproject\170427_lwlw\obj\debug\main.obj
d:\_godetia\y3\cap\finalproject\170427_lwlw\obj\debug\ofxpanel.obj
d:\_godetia\y3\cap\finalproject\170427_lwlw\obj\debug\ofxtoggle.obj
d:\_godetia\y3\cap\finalproject\170427_lwlw\obj\debug\ofxtcpserver.obj
d:\_godetia\y3\cap\finalproject\170427_lwlw\obj\debug\ofxbutton.obj
d:\_godetia\y3\cap\finalproject\170427_lwlw\obj\debug\ofxguigroup.obj
d:\_godetia\y3\cap\finalproject\170427_lwlw\obj\debug\ofxtcpclient.obj
d:\_godetia\y3\cap\finalproject\170427_lwlw\obj\debug\ofxudpmanager.obj
d:\_godetia\y3\cap\finalproject\170427_lwlw\obj\debug\ofapp.obj
d:\_godetia\y3\cap\finalproject\170427_lwlw\obj\debug\ofxslider.obj
d:\_godetia\y3\cap\finalproject\170427_lwlw\obj\debug\ofxtcpmanager.obj
d:\_godetia\y3\cap\finalproject\170427_lwlw\obj\debug\ofxbasegui.obj
d:\_godetia\y3\cap\finalproject\170427_lwlw\obj\debug\ofxlabel.obj
d:\_godetia\y3\cap\finalproject\170427_lwlw\obj\debug\ofxslidergroup.obj
d:\_godetia\y3\cap\finalproject\170427_lwlw\obj\debug\ofxawesomium.obj
d:\_godetia\y3\cap\finalproject\170427_lwlw\obj\debug\vc140.pdb
d:\_godetia\y3\cap\finalproject\170427_lwlw\obj\debug\icon.res
d:\_godetia\y3\cap\finalproject\170427_lwlw\obj\debug\170427_lwlw.vcxprojresolveassemblyreference.cache
d:\_godetia\y3\cap\finalproject\170427_lwlw\obj\debug\170427_lwlw.tlog\170427_lwlw.write.1u.tlog
d:\_godetia\y3\cap\finalproject\170427_lwlw\obj\debug\170427_lwlw.tlog\cl.command.1.tlog
d:\_godetia\y3\cap\finalproject\170427_lwlw\obj\debug\170427_lwlw.tlog\cl.read.1.tlog
d:\_godetia\y3\cap\finalproject\170427_lwlw\obj\debug\170427_lwlw.tlog\cl.write.1.tlog
d:\_godetia\y3\cap\finalproject\170427_lwlw\obj\debug\170427_lwlw.tlog\link.command.1.tlog
d:\_godetia\y3\cap\finalproject\170427_lwlw\obj\debug\170427_lwlw.tlog\link.read.1.tlog
d:\_godetia\y3\cap\finalproject\170427_lwlw\obj\debug\170427_lwlw.tlog\link.write.1.tlog
d:\_godetia\y3\cap\finalproject\170427_lwlw\obj\debug\170427_lwlw.tlog\rc.command.1.tlog
d:\_godetia\y3\cap\finalproject\170427_lwlw\obj\debug\170427_lwlw.tlog\rc.read.1.tlog
d:\_godetia\y3\cap\finalproject\170427_lwlw\obj\debug\170427_lwlw.tlog\rc.write.1.tlog
